Start testing: Dec 28 04:48 GMT
----------------------------------------------------------
1/1 Testing: calculator_test
1/1 Test: calculator_test
Command: "/code/cmake-build-debug/allocator_test"
Directory: /code/cmake-build-debug
"calculator_test" start time: Dec 28 04:48 GMT
Output:
----------------------------------------------------------
Running 2 test cases...
/code/Tests/allocator_test.cpp(13): [1;31;49merror: in "allocator_test_suite/fa_1": check Calculator::calculate_fa(1) == 2 has failed[0;39;49m

[1;31;49m*** 1 failure is detected in the test module "helloworld_test_module"
[0;39;49m
<end of output>
Test time =   0.02 sec
----------------------------------------------------------
Test Failed.
"calculator_test" end time: Dec 28 04:48 GMT
"calculator_test" time elapsed: 00:00:00
----------------------------------------------------------

End testing: Dec 28 04:48 GMT
